<?xml version="1.0" encoding="UTF-8"?>
<!-- Generated by org.testng.reporters.JUnitReportReporter -->
<testsuite name="com.course.cases.GetUserInfoTest" tests="1" time="0.162" ignored="0" failures="0" timestamp="28 Mar 2020 14:14:56 GMT" skipped="0" hostname="DESKTOP-551G9BO" errors="0">
  <testcase name="getUserInfo" time="0.162" classname="com.course.cases.GetUserInfoTest"/>
</testsuite> <!-- com.course.cases.GetUserInfoTest -->
