<?xml version="1.0" encoding="UTF-8"?>
<!-- Generated by org.testng.reporters.JUnitReportReporter -->
<testsuite name="com.course.cases.AddUserTest" tests="1" time="10.068" ignored="0" failures="0" timestamp="28 Mar 2020 14:14:56 GMT" skipped="0" hostname="DESKTOP-551G9BO" errors="0">
  <testcase name="addUser" time="10.068" classname="com.course.cases.AddUserTest"/>
</testsuite> <!-- com.course.cases.AddUserTest -->
