<?xml version="1.0" encoding="UTF-8"?>
<!-- Generated by org.testng.reporters.JUnitReportReporter -->
<testsuite name="com.course.cases.LoginTest" tests="2" time="1.037" ignored="0" failures="0" timestamp="28 Mar 2020 14:14:56 GMT" skipped="0" hostname="DESKTOP-551G9BO" errors="0">
  <testcase name="loginFalse" time="0.050" classname="com.course.cases.LoginTest"/>
  <testcase name="loginTrue" time="0.987" classname="com.course.cases.LoginTest"/>
</testsuite> <!-- com.course.cases.LoginTest -->
