<?xml version="1.0" encoding="UTF-8"?>
<!-- Generated by org.testng.reporters.JUnitReportReporter -->
<testsuite name="com.course.cases.UpdateUserInfoTest" tests="2" time="10.299" ignored="0" failures="0" timestamp="28 Mar 2020 14:14:56 GMT" skipped="0" hostname="DESKTOP-551G9BO" errors="0">
  <testcase name="deleteUser" time="5.074" classname="com.course.cases.UpdateUserInfoTest"/>
  <testcase name="updateUserInfo" time="5.225" classname="com.course.cases.UpdateUserInfoTest"/>
</testsuite> <!-- com.course.cases.UpdateUserInfoTest -->
