<?xml version="1.0" encoding="UTF-8" ?>
<testsuite tests="7" failures="0" name="TestSuite" time="23.245" errors="0" skipped="0">
  <properties>
    <property name="java.runtime.name" value="Java(TM) SE Runtime Environment"/>
    <property name="sun.boot.library.path" value="C:\Program Files\Java\jdk1.8.0\jre\bin"/>
    <property name="java.vm.version" value="25.0-b70"/>
    <property name="java.vm.vendor" value="Oracle Corporation"/>
    <property name="java.vendor.url" value="http://java.oracle.com/"/>
    <property name="path.separator" value=";"/>
    <property name="java.vm.name" value="Java HotSpot(TM) 64-Bit Server VM"/>
    <property name="file.encoding.pkg" value="sun.io"/>
    <property name="user.script" value=""/>
    <property name="user.country" value="CN"/>
    <property name="sun.java.launcher" value="SUN_STANDARD"/>
    <property name="sun.os.patch.level" value=""/>
    <property name="java.vm.specification.name" value="Java Virtual Machine Specification"/>
    <property name="user.dir" value="D:\Java\JavaProject\muke\AutoTest\Chapter121"/>
    <property name="java.runtime.version" value="1.8.0-b132"/>
    <property name="java.awt.graphicsenv" value="sun.awt.Win32GraphicsEnvironment"/>
    <property name="basedir" value="D:\Java\JavaProject\muke\AutoTest\Chapter121"/>
    <property name="java.endorsed.dirs" value="C:\Program Files\Java\jdk1.8.0\jre\lib\endorsed"/>
    <property name="os.arch" value="amd64"/>
    <property name="surefire.real.class.path" value="D:\Java\JavaProject\muke\AutoTest\Chapter121\target\surefire\surefirebooter2783650474956691194.jar"/>
    <property name="java.io.tmpdir" value="C:\Users\Domi\AppData\Local\Temp\"/>
    <property name="line.separator" value="
"/>
    <property name="java.vm.specification.vendor" value="Oracle Corporation"/>
    <property name="user.variant" value=""/>
    <property name="os.name" value="Windows 8.1"/>
    <property name="sun.jnu.encoding" value="GBK"/>
    <property name="java.library.path" value="C:\Program Files\Java\jdk1.8.0\jre\bin;C:\WINDOWS\Sun\Java\bin;C:\WINDOWS\system32;C:\WINDOWS;D:\Program Files (x86)\NetSarang\Xshell 6\;D:\Program Files (x86)\NetSarang\Xftp 6\;D:\Program Files\Python\Scripts\;D:\Program Files\Python\;C:\Program Files (x86)\Common Files\Oracle\Java\javapath;C:\Program Files (x86)\Intel\Intel(R) Management Engine Components\iCLS\;C:\Program Files\Intel\Intel(R) Management Engine Components\iCLS\;C:\Windows\system32;C:\Windows;C:\Windows\System32\Wbem;C:\Windows\System32\WindowsPowerShell\v1.0\;C:\Windows\System32\OpenSSH\;C:\Program Files (x86)\Intel\Intel(R) Management Engine Components\DAL;C:\Program Files\Intel\Intel(R) Management Engine Components\DAL;C:\Program Files (x86)\Intel\Intel(R) Management Engine Components\IPT;C:\Program Files\Intel\Intel(R) Management Engine Components\IPT;C:\Program Files (x86)\NVIDIA Corporation\PhysX\Common;C:\Program Files\Intel\WiFi\bin\;C:\Program Files\Common Files\Intel\WirelessCommon\;C:\Program Files\Java\jdk1.8.0\bin;C:\Program Files\Java\jdk1.8.0\jre\bin;D:\Java\apache-tomcat-8.5.15\lib;D:\Java\apache-tomcat-8.5.15\bin;D:\Java\maven\apache-maven-3.3.9\bin;d:\Program Files\Git\cmd;D:\data\DB\mysql-5.7.18-winx64\bin;D:\Program Files\nodejs\;D:\Tools\extTools\cmder;C:\Program Files (x86)\Google\Chrome\Application;C:\Program Files\NVIDIA Corporation\NVIDIA NvDLISR;D:\scala\bin;C:\WINDOWS\system32;C:\WINDOWS;C:\WINDOWS\System32\Wbem;C:\WINDOWS\System32\WindowsPowerShell\v1.0\;C:\WINDOWS\System32\OpenSSH\;D:\Work\Hadoop\hadoop-2.9.2\bin;;D:\Program Files\VS\Microsoft VS Code\bin;d:\Program Files\JetBrains\IntelliJ IDEA Community Edition 2019.3.2\bin;;C:\Users\Domi\AppData\Local\Microsoft\WindowsApps;."/>
    <property name="surefire.test.class.path" value="D:\Java\JavaProject\muke\AutoTest\Chapter121\target\test-classes;D:\Java\JavaProject\muke\AutoTest\Chapter121\target\classes;D:\Java\maven\repository\org\apache\httpcomponents\httpclient\4.1.2\httpclient-4.1.2.jar;D:\Java\maven\repository\org\apache\httpcomponents\httpcore\4.4.6\httpcore-4.4.6.jar;D:\Java\maven\repository\commons-codec\commons-codec\1.10\commons-codec-1.10.jar;D:\Java\maven\repository\org\json\json\20170516\json-20170516.jar;D:\Java\maven\repository\org\mybatis\mybatis\3.4.4\mybatis-3.4.4.jar;D:\Java\maven\repository\mysql\mysql-connector-java\5.1.6\mysql-connector-java-5.1.6.jar;D:\Java\maven\repository\org\projectlombok\lombok\1.16.14\lombok-1.16.14.jar;D:\Java\maven\repository\com\relevantcodes\extentreports\2.41.1\extentreports-2.41.1.jar;D:\Java\maven\repository\org\jsoup\jsoup\1.8.3\jsoup-1.8.3.jar;D:\Java\maven\repository\org\xerial\sqlite-jdbc\3.15.1\sqlite-jdbc-3.15.1.jar;D:\Java\maven\repository\org\freemarker\freemarker\2.3.26-incubating\freemarker-2.3.26-incubating.jar;D:\Java\maven\repository\org\mongodb\mongodb-driver\3.4.2\mongodb-driver-3.4.2.jar;D:\Java\maven\repository\org\mongodb\bson\3.4.2\bson-3.4.2.jar;D:\Java\maven\repository\org\mongodb\mongodb-driver-core\3.4.2\mongodb-driver-core-3.4.2.jar;D:\Java\maven\repository\com\vimalselvam\testng-extentsreport\1.3.1\testng-extentsreport-1.3.1.jar;D:\Java\maven\repository\com\google\guava\guava\20.0\guava-20.0.jar;D:\Java\maven\repository\com\aventstack\extentreports\3.0.6\extentreports-3.0.6.jar;D:\Java\maven\repository\org\apache\httpcomponents\httpmime\4.5.3\httpmime-4.5.3.jar;D:\Java\maven\repository\org\testng\testng\6.10\testng-6.10.jar;D:\Java\maven\repository\com\beust\jcommander\1.48\jcommander-1.48.jar;D:\Java\maven\repository\commons-logging\commons-logging\1.2\commons-logging-1.2.jar;"/>
    <property name="java.specification.name" value="Java Platform API Specification"/>
    <property name="java.class.version" value="52.0"/>
    <property name="sun.management.compiler" value="HotSpot 64-Bit Tiered Compilers"/>
    <property name="os.version" value="6.3"/>
    <property name="user.home" value="C:\Users\Domi"/>
    <property name="user.timezone" value="Asia/Shanghai"/>
    <property name="java.awt.printerjob" value="sun.awt.windows.WPrinterJob"/>
    <property name="java.specification.version" value="1.8"/>
    <property name="file.encoding" value="GBK"/>
    <property name="user.name" value="Domi"/>
    <property name="java.class.path" value="D:\Java\JavaProject\muke\AutoTest\Chapter121\target\test-classes;D:\Java\JavaProject\muke\AutoTest\Chapter121\target\classes;D:\Java\maven\repository\org\apache\httpcomponents\httpclient\4.1.2\httpclient-4.1.2.jar;D:\Java\maven\repository\org\apache\httpcomponents\httpcore\4.4.6\httpcore-4.4.6.jar;D:\Java\maven\repository\commons-codec\commons-codec\1.10\commons-codec-1.10.jar;D:\Java\maven\repository\org\json\json\20170516\json-20170516.jar;D:\Java\maven\repository\org\mybatis\mybatis\3.4.4\mybatis-3.4.4.jar;D:\Java\maven\repository\mysql\mysql-connector-java\5.1.6\mysql-connector-java-5.1.6.jar;D:\Java\maven\repository\org\projectlombok\lombok\1.16.14\lombok-1.16.14.jar;D:\Java\maven\repository\com\relevantcodes\extentreports\2.41.1\extentreports-2.41.1.jar;D:\Java\maven\repository\org\jsoup\jsoup\1.8.3\jsoup-1.8.3.jar;D:\Java\maven\repository\org\xerial\sqlite-jdbc\3.15.1\sqlite-jdbc-3.15.1.jar;D:\Java\maven\repository\org\freemarker\freemarker\2.3.26-incubating\freemarker-2.3.26-incubating.jar;D:\Java\maven\repository\org\mongodb\mongodb-driver\3.4.2\mongodb-driver-3.4.2.jar;D:\Java\maven\repository\org\mongodb\bson\3.4.2\bson-3.4.2.jar;D:\Java\maven\repository\org\mongodb\mongodb-driver-core\3.4.2\mongodb-driver-core-3.4.2.jar;D:\Java\maven\repository\com\vimalselvam\testng-extentsreport\1.3.1\testng-extentsreport-1.3.1.jar;D:\Java\maven\repository\com\google\guava\guava\20.0\guava-20.0.jar;D:\Java\maven\repository\com\aventstack\extentreports\3.0.6\extentreports-3.0.6.jar;D:\Java\maven\repository\org\apache\httpcomponents\httpmime\4.5.3\httpmime-4.5.3.jar;D:\Java\maven\repository\org\testng\testng\6.10\testng-6.10.jar;D:\Java\maven\repository\com\beust\jcommander\1.48\jcommander-1.48.jar;D:\Java\maven\repository\commons-logging\commons-logging\1.2\commons-logging-1.2.jar;"/>
    <property name="java.vm.specification.version" value="1.8"/>
    <property name="sun.arch.data.model" value="64"/>
    <property name="java.home" value="C:\Program Files\Java\jdk1.8.0\jre"/>
    <property name="sun.java.command" value="D:\Java\JavaProject\muke\AutoTest\Chapter121\target\surefire\surefirebooter2783650474956691194.jar D:\Java\JavaProject\muke\AutoTest\Chapter121\target\surefire\surefire3304577729161116195tmp D:\Java\JavaProject\muke\AutoTest\Chapter121\target\surefire\surefire3299095497042906469tmp"/>
    <property name="java.specification.vendor" value="Oracle Corporation"/>
    <property name="user.language" value="zh"/>
    <property name="awt.toolkit" value="sun.awt.windows.WToolkit"/>
    <property name="java.vm.info" value="mixed mode"/>
    <property name="java.version" value="1.8.0"/>
    <property name="java.ext.dirs" value="C:\Program Files\Java\jdk1.8.0\jre\lib\ext;C:\WINDOWS\Sun\Java\lib\ext"/>
    <property name="sun.boot.class.path" value="C:\Program Files\Java\jdk1.8.0\jre\lib\resources.jar;C:\Program Files\Java\jdk1.8.0\jre\lib\rt.jar;C:\Program Files\Java\jdk1.8.0\jre\lib\sunrsasign.jar;C:\Program Files\Java\jdk1.8.0\jre\lib\jsse.jar;C:\Program Files\Java\jdk1.8.0\jre\lib\jce.jar;C:\Program Files\Java\jdk1.8.0\jre\lib\charsets.jar;C:\Program Files\Java\jdk1.8.0\jre\lib\jfr.jar;C:\Program Files\Java\jdk1.8.0\jre\classes"/>
    <property name="java.vendor" value="Oracle Corporation"/>
    <property name="localRepository" value="D:\Java\maven\repository"/>
    <property name="file.separator" value="\"/>
    <property name="java.vendor.url.bug" value="http://bugreport.sun.com/bugreport/"/>
    <property name="sun.cpu.endian" value="little"/>
    <property name="sun.io.unicode.encoding" value="UnicodeLittle"/>
    <property name="sun.desktop" value="windows"/>
    <property name="sun.cpu.isalist" value="amd64"/>
  </properties>
  <testcase classname="com.course.cases.LoginTest" name="loginTrue" time="0.987"/>
  <testcase classname="com.course.cases.LoginTest" name="loginFalse" time="0.05"/>
  <testcase classname="com.course.cases.AddUserTest" name="addUser" time="10.067"/>
  <testcase classname="com.course.cases.GetUserInfoTest" name="getUserInfo" time="0.162"/>
  <testcase classname="com.course.cases.UpdateUserInfoTest" name="updateUserInfo" time="5.225"/>
  <testcase classname="com.course.cases.UpdateUserInfoTest" name="deleteUser" time="5.074"/>
  <testcase classname="com.course.cases.GetUserInfoListTest" name="getUserListInfo" time="0.064"/>
</testsuite>